<?xml version="1.0" encoding="UTF-8"?>
<testng-results skipped="0" failed="0" total="2" passed="2">
  <reporter-output>
  </reporter-output>
  <suite name="My Sample Suite" duration-ms="84" started-at="2015-10-11T09:59:48Z" finished-at="2015-10-11T09:59:48Z">
    <groups>
    </groups>
    <test name="App test" duration-ms="6" started-at="2015-10-11T09:59:48Z" finished-at="2015-10-11T09:59:48Z">
      <class name="com.learntestng.AppTest">
        <test-method status="PASS" signature="SendMail()" name="SendMail" duration-ms="2" started-at="2015-10-11T09:59:48Z" finished-at="2015-10-11T09:59:48Z">
        </test-method>
      </class>
    </test>
    <test name="Sample test" duration-ms="45" started-at="2015-10-11T09:59:48Z" finished-at="2015-10-11T09:59:48Z">
      <class name="com.learntestng.SampleTest">
        <test-method status="PASS" signature="Sampletest()" name="Sampletest" duration-ms="22" started-at="2015-10-11T09:59:48Z" finished-at="2015-10-11T09:59:48Z">
        </test-method>
      </class>
    </test>
  </suite>
</testng-results>
